<?xml version="1.0" encoding="UTF-8"?>
<!-- Generated by org.testng.reporters.JUnitReportReporter -->
<testsuite hostname="DESKTOP-5UPQTQ2" failures="0" tests="2" name="PKG01.T01" time="13.681" errors="0" timestamp="2023-07-17T07:08:43 IST" skipped="0">
  <testcase classname="PKG01.T01" name="testmethod1" time="10.570"/>
  <testcase classname="PKG01.T01" name="testmethod2" time="3.111"/>
</testsuite> <!-- PKG01.T01 -->
